[debug] > Exec(early(addDefaultCommands), None, None)
[debug] > Exec(addDefaultCommands, None, None)
[debug] > Exec(early(initialize), None, None)
[debug] > Exec(initialize, None, None)
[debug] > Exec(early(addPluginSbtFile="""C:\Users\mazym\AppData\Local\Temp\idea.sbt"""), None, None)
[debug] > Exec(addPluginSbtFile="""C:\Users\mazym\AppData\Local\Temp\idea.sbt""", None, None)
[debug] > Exec(boot, None, None)
[debug] > Exec(writeSbtVersion, None, None)
[debug] > Exec(reload, None, None)
[debug] > Exec(sbtStashOnFailure, None, None)
[debug] > Exec(onFailure loadFailed, None, None)
[debug] > Exec(loadp, None, None)
[info] welcome to sbt 1.9.7 (Oracle Corporation Java 1.8.0_401)
[debug] Load.defaultLoad until apply took 79.6061ms
[debug]           Load.loadUnit: plugins took 147.0212ms
[debug]           Load.loadUnit: defsScala took 0.2385ms
[debug] [Loading] Scanning directory C:\Users\mazym\IdeaProjects\finalprojectv2-mazymw2\project
[debug]             Load.loadUnit: mkEval took 5.7362ms
[debug] [Loading] Found non-root projects 
[debug] [Loading] Done in C:\Users\mazym\IdeaProjects\finalprojectv2-mazymw2\project, returning: ()
[debug] deducing auto plugins based on known facts Set(Atom(sbt.plugins.CorePlugin)) and clauses Clauses(Clause(Atom(sbt.plugins.JvmPlugin),Set(Atom(sbt.plugins.IvyPlugin)))
[debug] Clause(Atom(sbt.ScriptedPlugin),Set(Atom(sbt.plugins.JvmPlugin)))
[debug] Clause(Atom(sbt.plugins.SbtPlugin),Set(Atom(sbt.ScriptedPlugin)))
[debug] Clause(Atom(sbt.plugins.SemanticdbPlugin),Set(Atom(sbt.plugins.JvmPlugin)))
[debug] Clause(Atom(sbt.plugins.JUnitXmlReportPlugin),Set(Atom(sbt.plugins.JvmPlugin)))
[debug] Clause(Atom(sbt.plugins.MiniDependencyTreePlugin),Set(Atom(sbt.plugins.JvmPlugin)))
[debug] Clause(Atom(sbt.plugins.CorePlugin),Set(Atom(sbt.plugins.IvyPlugin)))
[debug] Clause(Atom(sbt.plugins.IvyPlugin),Set(Atom(sbt.plugins.JvmPlugin)))
[debug] Clause(Atom(sbt.plugins.JvmPlugin),Set(Atom(sbt.plugins.SemanticdbPlugin)))
[debug] Clause(Atom(sbt.plugins.JvmPlugin),Set(Atom(sbt.plugins.JUnitXmlReportPlugin)))
[debug] Clause(Atom(sbt.plugins.CorePlugin),Set(Atom(sbt.plugins.Giter8TemplatePlugin)))
[debug] Clause(Atom(sbt.plugins.JvmPlugin),Set(Atom(sbt.plugins.MiniDependencyTreePlugin))))
[debug]   :: deduced result: Matched(sbt.plugins.CorePlugin,sbt.plugins.Giter8TemplatePlugin,sbt.plugins.IvyPlugin,sbt.plugins.JvmPlugin,sbt.plugins.MiniDependencyTreePlugin,sbt.plugins.JUnitXmlReportPlugin,sbt.plugins.SemanticdbPlugin)
[debug] Plugins.deducer#function took 13.6685 ms
[info] loading settings for project finalprojectv2-mazymw2-build from idea.sbt ...
[debug]               Load.resolveProject(finalprojectv2-mazymw2-build) took 45.3795ms
[debug]             Load.loadTransitive: finalizeProject(Project(id finalprojectv2-mazymw2-build, base: C:\Users\mazym\IdeaProjects\finalprojectv2-mazymw2\project, plugins: List(<none>))) took 81.3057ms
[debug] [Loading] Done in C:\Users\mazym\IdeaProjects\finalprojectv2-mazymw2\project, returning: (finalprojectv2-mazymw2-build)
[debug]           Load.loadUnit: loadedProjectsRaw took 308.824ms
[debug]           Load.loadUnit: cleanEvalClasses took 6.4018ms
[debug]         Load.loadUnit(file:/C:/Users/mazym/IdeaProjects/finalprojectv2-mazymw2/project/, ...) took 466.7186ms
[debug]       Load.apply: load took 550.2917ms
[debug]       Load.apply: resolveProjects took 3.8522ms
[debug]       Load.apply: finalTransforms took 36.5362ms
[debug]       Load.apply: config.delegates took 4.9658ms
[debug]       Load.apply: Def.make(settings)... took 259.8503ms
[debug]       Load.apply: structureIndex took 80.0178ms
[debug]       Load.apply: mkStreams took 1.3457ms
[info] loading project definition from C:\Users\mazym\IdeaProjects\finalprojectv2-mazymw2\project
[debug] Running task... Cancel: Signal, check cycles: false, forcegc: true
[debug]     Load.loadUnit: plugins took 1654.9292ms
[debug]     Load.loadUnit: defsScala took 0.0035ms
[debug] [Loading] Scanning directory C:\Users\mazym\IdeaProjects\finalprojectv2-mazymw2
[debug]       Load.loadUnit: mkEval took 0.324ms
[debug] [Loading] Found root project root w/ remaining 
[debug] deducing auto plugins based on known facts Set(Atom(sbt.plugins.CorePlugin)) and clauses Clauses(Clause(Atom(sbt.plugins.JvmPlugin),Set(Atom(sbt.plugins.IvyPlugin)))
[debug] Clause(Atom(sbt.ScriptedPlugin),Set(Atom(sbt.plugins.JvmPlugin)))
[debug] Clause(Atom(sbt.plugins.SbtPlugin),Set(Atom(sbt.ScriptedPlugin)))
[debug] Clause(Atom(sbt.plugins.SemanticdbPlugin),Set(Atom(sbt.plugins.JvmPlugin)))
[debug] Clause(Atom(sbt.plugins.JUnitXmlReportPlugin),Set(Atom(sbt.plugins.JvmPlugin)))
[debug] Clause(Atom(sbt.plugins.MiniDependencyTreePlugin),Set(Atom(sbt.plugins.JvmPlugin)))
[debug] Clause(Atom(org.jetbrains.sbt.StructurePlugin),Set(Atom(sbt.plugins.JvmPlugin)))
[debug] Clause(Atom(org.jetbrains.sbt.IdeaShellPlugin),Set(Atom(sbt.plugins.JvmPlugin)))
[debug] Clause(Atom(org.jetbrains.sbt.indices.SbtIntellijIndicesPlugin),Set(Atom(sbt.plugins.JvmPlugin)))
[debug] Clause(Atom(sbt.plugins.CorePlugin),Set(Atom(sbt.plugins.IvyPlugin)))
[debug] Clause(Atom(sbt.plugins.IvyPlugin),Set(Atom(sbt.plugins.JvmPlugin)))
[debug] Clause(Atom(sbt.plugins.JvmPlugin),Set(Atom(sbt.plugins.SemanticdbPlugin)))
[debug] Clause(Atom(sbt.plugins.JvmPlugin),Set(Atom(sbt.plugins.JUnitXmlReportPlugin)))
[debug] Clause(Atom(sbt.plugins.CorePlugin),Set(Atom(sbt.plugins.Giter8TemplatePlugin)))
[debug] Clause(Atom(sbt.plugins.JvmPlugin),Set(Atom(sbt.plugins.MiniDependencyTreePlugin)))
[debug] Clause(Atom(sbt.plugins.JvmPlugin),Set(Atom(org.jetbrains.sbt.StructurePlugin)))
[debug] Clause(Atom(sbt.plugins.JvmPlugin),Set(Atom(org.jetbrains.sbt.IdeaShellPlugin)))
[debug] Clause(And(Set(Atom(sbt.plugins.CorePlugin), Atom(sbt.plugins.JvmPlugin))),Set(Atom(org.jetbrains.sbt.indices.SbtIntellijIndicesPlugin))))
[debug]   :: deduced result: Matched(sbt.plugins.CorePlugin,sbt.plugins.Giter8TemplatePlugin,sbt.plugins.IvyPlugin,sbt.plugins.JvmPlugin,sbt.plugins.SemanticdbPlugin,org.jetbrains.sbt.indices.SbtIntellijIndicesPlugin,sbt.plugins.JUnitXmlReportPlugin,org.jetbrains.sbt.IdeaShellPlugin,org.jetbrains.sbt.StructurePlugin,sbt.plugins.MiniDependencyTreePlugin)
[debug] Plugins.deducer#function took 2.2405 ms
[info] loading settings for project root from build.sbt ...
[debug]         Load.resolveProject(root) took 58.1391ms
[debug]       Load.loadTransitive: finalizeProject(Project(id root, base: C:\Users\mazym\IdeaProjects\finalprojectv2-mazymw2, plugins: List(<none>))) took 62.2007ms
[debug] [Loading] Done in C:\Users\mazym\IdeaProjects\finalprojectv2-mazymw2, returning: (root)
[debug]     Load.loadUnit: loadedProjectsRaw took 122.6452ms
[debug]     Load.loadUnit: cleanEvalClasses took 6.9493ms
[debug]   Load.loadUnit(file:/C:/Users/mazym/IdeaProjects/finalprojectv2-mazymw2/, ...) took 1785.5609ms
[debug] Load.apply: load took 1798.7961ms
[debug] Load.apply: resolveProjects took 0.1328ms
[debug] Load.apply: finalTransforms took 28.449ms
[debug] Load.apply: config.delegates took 0.3251ms
[debug] Load.apply: Def.make(settings)... took 69.8426ms
[debug] Load.apply: structureIndex took 34.7207ms
[debug] Load.apply: mkStreams took 0.0035ms
[info] set current project to scalaFXIntro (in build file:/C:/Users/mazym/IdeaProjects/finalprojectv2-mazymw2/)
[debug] > Exec(sbtPopOnFailure, None, None)
[debug] > Exec(resumeFromFailure, None, None)
[debug] > Exec(notifyUsersAboutShell, None, None)
[debug] > Exec(iflast shell, None, None)
[debug] > Exec(; set ideaPort in Global := 50747 ; idea-shell, None, None)
[debug] > Exec(set ideaPort in Global := 50747, None, None)
[info] Defining Global / ideaPort
[info] The new value will be used by Compile / compile, Test / compile
[debug] Defining 
[debug] 	Global / ideaPort
[debug] 
[debug] The new value will be used by 
[debug] 	Compile / compile
[debug] 	Test / compile
[info] Reapplying settings...
[info] set current project to scalaFXIntro (in build file:/C:/Users/mazym/IdeaProjects/finalprojectv2-mazymw2/)
[debug] > Exec(idea-shell, None, None)
