[debug] > Exec(early(addDefaultCommands), None, None)
[debug] > Exec(addDefaultCommands, None, None)
[debug] > Exec(early(initialize), None, None)
[debug] > Exec(initialize, None, None)
[debug] > Exec(early(addPluginSbtFile="""C:\Users\mazym\AppData\Local\Temp\idea1.sbt"""), None, None)
[debug] > Exec(addPluginSbtFile="""C:\Users\mazym\AppData\Local\Temp\idea1.sbt""", None, None)
[debug] > Exec(boot, None, None)
[debug] > Exec(writeSbtVersion, None, None)
[debug] > Exec(reload, None, None)
[debug] > Exec(sbtStashOnFailure, None, None)
[debug] > Exec(onFailure loadFailed, None, None)
[debug] > Exec(loadp, None, None)
[info] welcome to sbt 1.9.7 (Oracle Corporation Java 1.8.0_401)
[debug] Load.defaultLoad until apply took 81.1338ms
[debug]           Load.loadUnit: plugins took 66.0833ms
[debug]           Load.loadUnit: defsScala took 0.2914ms
[debug] [Loading] Scanning directory C:\Users\mazym\IdeaProjects\finalprojectv2-mazymw2\project
[debug]             Load.loadUnit: mkEval took 6.5274ms
[debug] [Loading] Found non-root projects 
[debug] [Loading] Done in C:\Users\mazym\IdeaProjects\finalprojectv2-mazymw2\project, returning: ()
[debug] deducing auto plugins based on known facts Set(Atom(sbt.plugins.CorePlugin)) and clauses Clauses(Clause(Atom(sbt.plugins.JvmPlugin),Set(Atom(sbt.plugins.IvyPlugin)))
[debug] Clause(Atom(sbt.ScriptedPlugin),Set(Atom(sbt.plugins.JvmPlugin)))
[debug] Clause(Atom(sbt.plugins.SbtPlugin),Set(Atom(sbt.ScriptedPlugin)))
[debug] Clause(Atom(sbt.plugins.SemanticdbPlugin),Set(Atom(sbt.plugins.JvmPlugin)))
[debug] Clause(Atom(sbt.plugins.JUnitXmlReportPlugin),Set(Atom(sbt.plugins.JvmPlugin)))
[debug] Clause(Atom(sbt.plugins.MiniDependencyTreePlugin),Set(Atom(sbt.plugins.JvmPlugin)))
[debug] Clause(Atom(sbt.plugins.CorePlugin),Set(Atom(sbt.plugins.IvyPlugin)))
[debug] Clause(Atom(sbt.plugins.IvyPlugin),Set(Atom(sbt.plugins.JvmPlugin)))
[debug] Clause(Atom(sbt.plugins.JvmPlugin),Set(Atom(sbt.plugins.SemanticdbPlugin)))
[debug] Clause(Atom(sbt.plugins.JvmPlugin),Set(Atom(sbt.plugins.JUnitXmlReportPlugin)))
[debug] Clause(Atom(sbt.plugins.CorePlugin),Set(Atom(sbt.plugins.Giter8TemplatePlugin)))
[debug] Clause(Atom(sbt.plugins.JvmPlugin),Set(Atom(sbt.plugins.MiniDependencyTreePlugin))))
[debug]   :: deduced result: Matched(sbt.plugins.CorePlugin,sbt.plugins.Giter8TemplatePlugin,sbt.plugins.IvyPlugin,sbt.plugins.JvmPlugin,sbt.plugins.MiniDependencyTreePlugin,sbt.plugins.JUnitXmlReportPlugin,sbt.plugins.SemanticdbPlugin)
[debug] Plugins.deducer#function took 11.0794 ms
[info] loading settings for project finalprojectv2-mazymw2-build from idea1.sbt ...
[debug]               Load.resolveProject(finalprojectv2-mazymw2-build) took 34.8446ms
[debug]             Load.loadTransitive: finalizeProject(Project(id finalprojectv2-mazymw2-build, base: C:\Users\mazym\IdeaProjects\finalprojectv2-mazymw2\project, plugins: List(<none>))) took 64.3ms
[debug] [Loading] Done in C:\Users\mazym\IdeaProjects\finalprojectv2-mazymw2\project, returning: (finalprojectv2-mazymw2-build)
[debug]           Load.loadUnit: loadedProjectsRaw took 447.6312ms
[debug]           Load.loadUnit: cleanEvalClasses took 4.3278ms
[debug]         Load.loadUnit(file:/C:/Users/mazym/IdeaProjects/finalprojectv2-mazymw2/project/, ...) took 522.0824ms
[debug]       Load.apply: load took 601.9133ms
[debug]       Load.apply: resolveProjects took 4.3157ms
[debug]       Load.apply: finalTransforms took 44.7939ms
[debug]       Load.apply: config.delegates took 6.3452ms
[debug]       Load.apply: Def.make(settings)... took 270.9526ms
[debug]       Load.apply: structureIndex took 68.5685ms
[debug]       Load.apply: mkStreams took 1.3555ms
[info] loading project definition from C:\Users\mazym\IdeaProjects\finalprojectv2-mazymw2\project
[debug] Running task... Cancel: Signal, check cycles: false, forcegc: true
[debug]     Load.loadUnit: plugins took 1645.9762ms
[debug]     Load.loadUnit: defsScala took 0.0056ms
[debug] [Loading] Scanning directory C:\Users\mazym\IdeaProjects\finalprojectv2-mazymw2
[debug]       Load.loadUnit: mkEval took 0.2611ms
[debug] [Loading] Found root project root w/ remaining 
[debug] deducing auto plugins based on known facts Set(Atom(sbt.plugins.CorePlugin)) and clauses Clauses(Clause(Atom(sbt.plugins.JvmPlugin),Set(Atom(sbt.plugins.IvyPlugin)))
[debug] Clause(Atom(sbt.ScriptedPlugin),Set(Atom(sbt.plugins.JvmPlugin)))
[debug] Clause(Atom(sbt.plugins.SbtPlugin),Set(Atom(sbt.ScriptedPlugin)))
[debug] Clause(Atom(sbt.plugins.SemanticdbPlugin),Set(Atom(sbt.plugins.JvmPlugin)))
[debug] Clause(Atom(sbt.plugins.JUnitXmlReportPlugin),Set(Atom(sbt.plugins.JvmPlugin)))
[debug] Clause(Atom(sbt.plugins.MiniDependencyTreePlugin),Set(Atom(sbt.plugins.JvmPlugin)))
[debug] Clause(Atom(org.jetbrains.sbt.StructurePlugin),Set(Atom(sbt.plugins.JvmPlugin)))
[debug] Clause(Atom(org.jetbrains.sbt.IdeaShellPlugin),Set(Atom(sbt.plugins.JvmPlugin)))
[debug] Clause(Atom(org.jetbrains.sbt.indices.SbtIntellijIndicesPlugin),Set(Atom(sbt.plugins.JvmPlugin)))
[debug] Clause(Atom(sbt.plugins.CorePlugin),Set(Atom(sbt.plugins.IvyPlugin)))
[debug] Clause(Atom(sbt.plugins.IvyPlugin),Set(Atom(sbt.plugins.JvmPlugin)))
[debug] Clause(Atom(sbt.plugins.JvmPlugin),Set(Atom(sbt.plugins.SemanticdbPlugin)))
[debug] Clause(Atom(sbt.plugins.JvmPlugin),Set(Atom(sbt.plugins.JUnitXmlReportPlugin)))
[debug] Clause(Atom(sbt.plugins.CorePlugin),Set(Atom(sbt.plugins.Giter8TemplatePlugin)))
[debug] Clause(Atom(sbt.plugins.JvmPlugin),Set(Atom(sbt.plugins.MiniDependencyTreePlugin)))
[debug] Clause(Atom(sbt.plugins.JvmPlugin),Set(Atom(org.jetbrains.sbt.StructurePlugin)))
[debug] Clause(Atom(sbt.plugins.JvmPlugin),Set(Atom(org.jetbrains.sbt.IdeaShellPlugin)))
[debug] Clause(And(Set(Atom(sbt.plugins.CorePlugin), Atom(sbt.plugins.JvmPlugin))),Set(Atom(org.jetbrains.sbt.indices.SbtIntellijIndicesPlugin))))
[debug]   :: deduced result: Matched(sbt.plugins.CorePlugin,sbt.plugins.Giter8TemplatePlugin,sbt.plugins.IvyPlugin,sbt.plugins.JvmPlugin,sbt.plugins.SemanticdbPlugin,org.jetbrains.sbt.indices.SbtIntellijIndicesPlugin,sbt.plugins.JUnitXmlReportPlugin,org.jetbrains.sbt.IdeaShellPlugin,org.jetbrains.sbt.StructurePlugin,sbt.plugins.MiniDependencyTreePlugin)
[debug] Plugins.deducer#function took 2.8641 ms
[info] loading settings for project root from build.sbt ...
[debug]         Load.resolveProject(root) took 21.1908ms
[debug]       Load.loadTransitive: finalizeProject(Project(id root, base: C:\Users\mazym\IdeaProjects\finalprojectv2-mazymw2, plugins: List(<none>))) took 25.6365ms
[debug] [Loading] Done in C:\Users\mazym\IdeaProjects\finalprojectv2-mazymw2, returning: (root)
[debug]     Load.loadUnit: loadedProjectsRaw took 80.2037ms
[debug]     Load.loadUnit: cleanEvalClasses took 3.6902ms
[debug]   Load.loadUnit(file:/C:/Users/mazym/IdeaProjects/finalprojectv2-mazymw2/, ...) took 1731.0346ms
[debug] Load.apply: load took 1745.2784ms
[debug] Load.apply: resolveProjects took 0.1031ms
[debug] Load.apply: finalTransforms took 28.9184ms
[debug] Load.apply: config.delegates took 0.4505ms
[debug] Load.apply: Def.make(settings)... took 71.8104ms
[debug] Load.apply: structureIndex took 28.893ms
[debug] Load.apply: mkStreams took 0.0039ms
[info] set current project to scalaFXIntro (in build file:/C:/Users/mazym/IdeaProjects/finalprojectv2-mazymw2/)
[debug] > Exec(sbtPopOnFailure, None, None)
[debug] > Exec(resumeFromFailure, None, None)
[debug] > Exec(notifyUsersAboutShell, None, None)
[debug] > Exec(iflast shell, None, None)
[debug] > Exec(; set ideaPort in Global := 50747 ; idea-shell, None, None)
[debug] > Exec(set ideaPort in Global := 50747, None, None)
[info] Defining Global / ideaPort
[info] The new value will be used by Compile / compile, Test / compile
[debug] Defining 
[debug] 	Global / ideaPort
[debug] 
[debug] The new value will be used by 
[debug] 	Compile / compile
[debug] 	Test / compile
[info] Reapplying settings...
[info] set current project to scalaFXIntro (in build file:/C:/Users/mazym/IdeaProjects/finalprojectv2-mazymw2/)
[debug] > Exec(idea-shell, None, None)
