[debug] > Exec(early(addDefaultCommands), None, None)
[debug] > Exec(addDefaultCommands, None, None)
[debug] > Exec(early(initialize), None, None)
[debug] > Exec(initialize, None, None)
[debug] > Exec(early(addPluginSbtFile="""C:\Users\mazym\AppData\Local\Temp\idea.sbt"""), None, None)
[debug] > Exec(addPluginSbtFile="""C:\Users\mazym\AppData\Local\Temp\idea.sbt""", None, None)
[debug] > Exec(boot, None, None)
[debug] > Exec(writeSbtVersion, None, None)
[debug] > Exec(reload, None, None)
[debug] > Exec(sbtStashOnFailure, None, None)
[debug] > Exec(onFailure loadFailed, None, None)
[debug] > Exec(loadp, None, None)
[info] welcome to sbt 1.9.7 (Oracle Corporation Java 1.8.0_401)
[debug] Load.defaultLoad until apply took 142.907ms
[debug]           Load.loadUnit: plugins took 88.2868ms
[debug]           Load.loadUnit: defsScala took 0.3868ms
[debug] [Loading] Scanning directory C:\Users\mazym\IdeaProjects\finalprojectv2-mazymw2\project
[debug]             Load.loadUnit: mkEval took 9.7779ms
[debug] [Loading] Found non-root projects 
[debug] [Loading] Done in C:\Users\mazym\IdeaProjects\finalprojectv2-mazymw2\project, returning: ()
[debug] deducing auto plugins based on known facts Set(Atom(sbt.plugins.CorePlugin)) and clauses Clauses(Clause(Atom(sbt.plugins.JvmPlugin),Set(Atom(sbt.plugins.IvyPlugin)))
[debug] Clause(Atom(sbt.ScriptedPlugin),Set(Atom(sbt.plugins.JvmPlugin)))
[debug] Clause(Atom(sbt.plugins.SbtPlugin),Set(Atom(sbt.ScriptedPlugin)))
[debug] Clause(Atom(sbt.plugins.SemanticdbPlugin),Set(Atom(sbt.plugins.JvmPlugin)))
[debug] Clause(Atom(sbt.plugins.JUnitXmlReportPlugin),Set(Atom(sbt.plugins.JvmPlugin)))
[debug] Clause(Atom(sbt.plugins.MiniDependencyTreePlugin),Set(Atom(sbt.plugins.JvmPlugin)))
[debug] Clause(Atom(sbt.plugins.CorePlugin),Set(Atom(sbt.plugins.IvyPlugin)))
[debug] Clause(Atom(sbt.plugins.IvyPlugin),Set(Atom(sbt.plugins.JvmPlugin)))
[debug] Clause(Atom(sbt.plugins.JvmPlugin),Set(Atom(sbt.plugins.SemanticdbPlugin)))
[debug] Clause(Atom(sbt.plugins.JvmPlugin),Set(Atom(sbt.plugins.JUnitXmlReportPlugin)))
[debug] Clause(Atom(sbt.plugins.CorePlugin),Set(Atom(sbt.plugins.Giter8TemplatePlugin)))
[debug] Clause(Atom(sbt.plugins.JvmPlugin),Set(Atom(sbt.plugins.MiniDependencyTreePlugin))))
[debug]   :: deduced result: Matched(sbt.plugins.CorePlugin,sbt.plugins.Giter8TemplatePlugin,sbt.plugins.IvyPlugin,sbt.plugins.JvmPlugin,sbt.plugins.MiniDependencyTreePlugin,sbt.plugins.JUnitXmlReportPlugin,sbt.plugins.SemanticdbPlugin)
[debug] Plugins.deducer#function took 15.679 ms
[info] loading settings for project finalprojectv2-mazymw2-build from idea.sbt ...
[debug]               Load.resolveProject(finalprojectv2-mazymw2-build) took 44.0112ms
[debug]             Load.loadTransitive: finalizeProject(Project(id finalprojectv2-mazymw2-build, base: C:\Users\mazym\IdeaProjects\finalprojectv2-mazymw2\project, plugins: List(<none>))) took 85.2318ms
[debug] [Loading] Done in C:\Users\mazym\IdeaProjects\finalprojectv2-mazymw2\project, returning: (finalprojectv2-mazymw2-build)
[debug]           Load.loadUnit: loadedProjectsRaw took 562.3151ms
[debug]           Load.loadUnit: cleanEvalClasses took 6.6475ms
[debug]         Load.loadUnit(file:/C:/Users/mazym/IdeaProjects/finalprojectv2-mazymw2/project/, ...) took 663.0108ms
[debug]       Load.apply: load took 794.5972ms
[debug]       Load.apply: resolveProjects took 5.5891ms
[debug]       Load.apply: finalTransforms took 51.2045ms
[debug]       Load.apply: config.delegates took 7.2592ms
[debug]       Load.apply: Def.make(settings)... took 366.5916ms
[debug]       Load.apply: structureIndex took 84.073ms
[debug]       Load.apply: mkStreams took 2.0794ms
[info] loading project definition from C:\Users\mazym\IdeaProjects\finalprojectv2-mazymw2\project
[debug] Running task... Cancel: Signal, check cycles: false, forcegc: true
[debug]     Load.loadUnit: plugins took 2001.4811ms
[debug]     Load.loadUnit: defsScala took 0.0043ms
[debug] [Loading] Scanning directory C:\Users\mazym\IdeaProjects\finalprojectv2-mazymw2
[debug]       Load.loadUnit: mkEval took 0.2167ms
[debug] [Loading] Found root project root w/ remaining 
[debug] deducing auto plugins based on known facts Set(Atom(sbt.plugins.CorePlugin)) and clauses Clauses(Clause(Atom(sbt.plugins.JvmPlugin),Set(Atom(sbt.plugins.IvyPlugin)))
[debug] Clause(Atom(sbt.ScriptedPlugin),Set(Atom(sbt.plugins.JvmPlugin)))
[debug] Clause(Atom(sbt.plugins.SbtPlugin),Set(Atom(sbt.ScriptedPlugin)))
[debug] Clause(Atom(sbt.plugins.SemanticdbPlugin),Set(Atom(sbt.plugins.JvmPlugin)))
[debug] Clause(Atom(sbt.plugins.JUnitXmlReportPlugin),Set(Atom(sbt.plugins.JvmPlugin)))
[debug] Clause(Atom(sbt.plugins.MiniDependencyTreePlugin),Set(Atom(sbt.plugins.JvmPlugin)))
[debug] Clause(Atom(org.jetbrains.sbt.StructurePlugin),Set(Atom(sbt.plugins.JvmPlugin)))
[debug] Clause(Atom(org.jetbrains.sbt.IdeaShellPlugin),Set(Atom(sbt.plugins.JvmPlugin)))
[debug] Clause(Atom(org.jetbrains.sbt.indices.SbtIntellijIndicesPlugin),Set(Atom(sbt.plugins.JvmPlugin)))
[debug] Clause(Atom(sbt.plugins.CorePlugin),Set(Atom(sbt.plugins.IvyPlugin)))
[debug] Clause(Atom(sbt.plugins.IvyPlugin),Set(Atom(sbt.plugins.JvmPlugin)))
[debug] Clause(Atom(sbt.plugins.JvmPlugin),Set(Atom(sbt.plugins.SemanticdbPlugin)))
[debug] Clause(Atom(sbt.plugins.JvmPlugin),Set(Atom(sbt.plugins.JUnitXmlReportPlugin)))
[debug] Clause(Atom(sbt.plugins.CorePlugin),Set(Atom(sbt.plugins.Giter8TemplatePlugin)))
[debug] Clause(Atom(sbt.plugins.JvmPlugin),Set(Atom(sbt.plugins.MiniDependencyTreePlugin)))
[debug] Clause(Atom(sbt.plugins.JvmPlugin),Set(Atom(org.jetbrains.sbt.StructurePlugin)))
[debug] Clause(Atom(sbt.plugins.JvmPlugin),Set(Atom(org.jetbrains.sbt.IdeaShellPlugin)))
[debug] Clause(And(Set(Atom(sbt.plugins.CorePlugin), Atom(sbt.plugins.JvmPlugin))),Set(Atom(org.jetbrains.sbt.indices.SbtIntellijIndicesPlugin))))
[debug]   :: deduced result: Matched(sbt.plugins.CorePlugin,sbt.plugins.Giter8TemplatePlugin,sbt.plugins.IvyPlugin,sbt.plugins.JvmPlugin,sbt.plugins.SemanticdbPlugin,org.jetbrains.sbt.indices.SbtIntellijIndicesPlugin,sbt.plugins.JUnitXmlReportPlugin,org.jetbrains.sbt.IdeaShellPlugin,org.jetbrains.sbt.StructurePlugin,sbt.plugins.MiniDependencyTreePlugin)
[debug] Plugins.deducer#function took 2.0329 ms
[info] loading settings for project root from build.sbt ...
[debug]         Load.resolveProject(root) took 23.0412ms
[debug]       Load.loadTransitive: finalizeProject(Project(id root, base: C:\Users\mazym\IdeaProjects\finalprojectv2-mazymw2, plugins: List(<none>))) took 26.4924ms
[debug] [Loading] Done in C:\Users\mazym\IdeaProjects\finalprojectv2-mazymw2, returning: (root)
[debug]     Load.loadUnit: loadedProjectsRaw took 82.4386ms
[debug]     Load.loadUnit: cleanEvalClasses took 3.3488ms
[debug]   Load.loadUnit(file:/C:/Users/mazym/IdeaProjects/finalprojectv2-mazymw2/, ...) took 2088.2171ms
[debug] Load.apply: load took 2104.9722ms
[debug] Load.apply: resolveProjects took 0.114ms
[debug] Load.apply: finalTransforms took 19.6325ms
[debug] Load.apply: config.delegates took 0.2624ms
[debug] Load.apply: Def.make(settings)... took 60.677ms
[debug] Load.apply: structureIndex took 19.7961ms
[debug] Load.apply: mkStreams took 0.0032ms
[info] set current project to scalaFXIntro (in build file:/C:/Users/mazym/IdeaProjects/finalprojectv2-mazymw2/)
[debug] > Exec(sbtPopOnFailure, None, None)
[debug] > Exec(resumeFromFailure, None, None)
[debug] > Exec(notifyUsersAboutShell, None, None)
[debug] > Exec(iflast shell, None, None)
[debug] > Exec(; set ideaPort in Global := 50341 ; idea-shell, None, None)
[debug] > Exec(set ideaPort in Global := 50341, None, None)
[info] Defining Global / ideaPort
[info] The new value will be used by Compile / compile, Test / compile
[debug] Defining 
[debug] 	Global / ideaPort
[debug] 
[debug] The new value will be used by 
[debug] 	Compile / compile
[debug] 	Test / compile
[info] Reapplying settings...
[info] set current project to scalaFXIntro (in build file:/C:/Users/mazym/IdeaProjects/finalprojectv2-mazymw2/)
[debug] > Exec(idea-shell, None, None)
