[debug] > Exec(early(addDefaultCommands), None, None)
[debug] > Exec(addDefaultCommands, None, None)
[debug] > Exec(early(initialize), None, None)
[debug] > Exec(initialize, None, None)
[debug] > Exec(early(addPluginSbtFile="""C:\Users\mazym\AppData\Local\Temp\idea.sbt"""), None, None)
[debug] > Exec(addPluginSbtFile="""C:\Users\mazym\AppData\Local\Temp\idea.sbt""", None, None)
[debug] > Exec(boot, None, None)
[debug] > Exec(writeSbtVersion, None, None)
[debug] > Exec(reload, None, None)
[debug] > Exec(sbtStashOnFailure, None, None)
[debug] > Exec(onFailure loadFailed, None, None)
[debug] > Exec(loadp, None, None)
[info] welcome to sbt 1.9.7 (Oracle Corporation Java 1.8.0_401)
[debug] Load.defaultLoad until apply took 80.4747ms
[debug]           Load.loadUnit: plugins took 68.3627ms
[debug]           Load.loadUnit: defsScala took 0.3253ms
[debug] [Loading] Scanning directory C:\Users\mazym\IdeaProjects\finalprojectv2-mazymw2\project
[debug]             Load.loadUnit: mkEval took 6.7021ms
[debug] [Loading] Found non-root projects 
[debug] [Loading] Done in C:\Users\mazym\IdeaProjects\finalprojectv2-mazymw2\project, returning: ()
[debug] deducing auto plugins based on known facts Set(Atom(sbt.plugins.CorePlugin)) and clauses Clauses(Clause(Atom(sbt.plugins.JvmPlugin),Set(Atom(sbt.plugins.IvyPlugin)))
[debug] Clause(Atom(sbt.ScriptedPlugin),Set(Atom(sbt.plugins.JvmPlugin)))
[debug] Clause(Atom(sbt.plugins.SbtPlugin),Set(Atom(sbt.ScriptedPlugin)))
[debug] Clause(Atom(sbt.plugins.SemanticdbPlugin),Set(Atom(sbt.plugins.JvmPlugin)))
[debug] Clause(Atom(sbt.plugins.JUnitXmlReportPlugin),Set(Atom(sbt.plugins.JvmPlugin)))
[debug] Clause(Atom(sbt.plugins.MiniDependencyTreePlugin),Set(Atom(sbt.plugins.JvmPlugin)))
[debug] Clause(Atom(sbt.plugins.CorePlugin),Set(Atom(sbt.plugins.IvyPlugin)))
[debug] Clause(Atom(sbt.plugins.IvyPlugin),Set(Atom(sbt.plugins.JvmPlugin)))
[debug] Clause(Atom(sbt.plugins.JvmPlugin),Set(Atom(sbt.plugins.SemanticdbPlugin)))
[debug] Clause(Atom(sbt.plugins.JvmPlugin),Set(Atom(sbt.plugins.JUnitXmlReportPlugin)))
[debug] Clause(Atom(sbt.plugins.CorePlugin),Set(Atom(sbt.plugins.Giter8TemplatePlugin)))
[debug] Clause(Atom(sbt.plugins.JvmPlugin),Set(Atom(sbt.plugins.MiniDependencyTreePlugin))))
[debug]   :: deduced result: Matched(sbt.plugins.CorePlugin,sbt.plugins.Giter8TemplatePlugin,sbt.plugins.IvyPlugin,sbt.plugins.JvmPlugin,sbt.plugins.MiniDependencyTreePlugin,sbt.plugins.JUnitXmlReportPlugin,sbt.plugins.SemanticdbPlugin)
[debug] Plugins.deducer#function took 13.2642 ms
[info] loading settings for project finalprojectv2-mazymw2-build from idea.sbt ...
[debug]               Load.resolveProject(finalprojectv2-mazymw2-build) took 37.0937ms
[debug]             Load.loadTransitive: finalizeProject(Project(id finalprojectv2-mazymw2-build, base: C:\Users\mazym\IdeaProjects\finalprojectv2-mazymw2\project, plugins: List(<none>))) took 76.5147ms
[debug] [Loading] Done in C:\Users\mazym\IdeaProjects\finalprojectv2-mazymw2\project, returning: (finalprojectv2-mazymw2-build)
[debug]           Load.loadUnit: loadedProjectsRaw took 429.8ms
[debug]           Load.loadUnit: cleanEvalClasses took 5.4703ms
[debug]         Load.loadUnit(file:/C:/Users/mazym/IdeaProjects/finalprojectv2-mazymw2/project/, ...) took 508.5009ms
[debug]       Load.apply: load took 593.4366ms
[debug]       Load.apply: resolveProjects took 4.1136ms
[debug]       Load.apply: finalTransforms took 37.2102ms
[debug]       Load.apply: config.delegates took 5.159ms
[debug]       Load.apply: Def.make(settings)... took 255.7725ms
[debug]       Load.apply: structureIndex took 68.2727ms
[debug]       Load.apply: mkStreams took 1.3205ms
[info] loading project definition from C:\Users\mazym\IdeaProjects\finalprojectv2-mazymw2\project
[debug] Running task... Cancel: Signal, check cycles: false, forcegc: true
[debug]     Load.loadUnit: plugins took 1640.1993ms
[debug]     Load.loadUnit: defsScala took 0.0046ms
[debug] [Loading] Scanning directory C:\Users\mazym\IdeaProjects\finalprojectv2-mazymw2
[debug]       Load.loadUnit: mkEval took 0.3287ms
[debug] [Loading] Found root project root w/ remaining 
[debug] deducing auto plugins based on known facts Set(Atom(sbt.plugins.CorePlugin)) and clauses Clauses(Clause(Atom(sbt.plugins.JvmPlugin),Set(Atom(sbt.plugins.IvyPlugin)))
[debug] Clause(Atom(sbt.ScriptedPlugin),Set(Atom(sbt.plugins.JvmPlugin)))
[debug] Clause(Atom(sbt.plugins.SbtPlugin),Set(Atom(sbt.ScriptedPlugin)))
[debug] Clause(Atom(sbt.plugins.SemanticdbPlugin),Set(Atom(sbt.plugins.JvmPlugin)))
[debug] Clause(Atom(sbt.plugins.JUnitXmlReportPlugin),Set(Atom(sbt.plugins.JvmPlugin)))
[debug] Clause(Atom(sbt.plugins.MiniDependencyTreePlugin),Set(Atom(sbt.plugins.JvmPlugin)))
[debug] Clause(Atom(org.jetbrains.sbt.StructurePlugin),Set(Atom(sbt.plugins.JvmPlugin)))
[debug] Clause(Atom(org.jetbrains.sbt.IdeaShellPlugin),Set(Atom(sbt.plugins.JvmPlugin)))
[debug] Clause(Atom(org.jetbrains.sbt.indices.SbtIntellijIndicesPlugin),Set(Atom(sbt.plugins.JvmPlugin)))
[debug] Clause(Atom(sbt.plugins.CorePlugin),Set(Atom(sbt.plugins.IvyPlugin)))
[debug] Clause(Atom(sbt.plugins.IvyPlugin),Set(Atom(sbt.plugins.JvmPlugin)))
[debug] Clause(Atom(sbt.plugins.JvmPlugin),Set(Atom(sbt.plugins.SemanticdbPlugin)))
[debug] Clause(Atom(sbt.plugins.JvmPlugin),Set(Atom(sbt.plugins.JUnitXmlReportPlugin)))
[debug] Clause(Atom(sbt.plugins.CorePlugin),Set(Atom(sbt.plugins.Giter8TemplatePlugin)))
[debug] Clause(Atom(sbt.plugins.JvmPlugin),Set(Atom(sbt.plugins.MiniDependencyTreePlugin)))
[debug] Clause(Atom(sbt.plugins.JvmPlugin),Set(Atom(org.jetbrains.sbt.StructurePlugin)))
[debug] Clause(Atom(sbt.plugins.JvmPlugin),Set(Atom(org.jetbrains.sbt.IdeaShellPlugin)))
[debug] Clause(And(Set(Atom(sbt.plugins.CorePlugin), Atom(sbt.plugins.JvmPlugin))),Set(Atom(org.jetbrains.sbt.indices.SbtIntellijIndicesPlugin))))
[debug]   :: deduced result: Matched(sbt.plugins.CorePlugin,sbt.plugins.Giter8TemplatePlugin,sbt.plugins.IvyPlugin,sbt.plugins.JvmPlugin,sbt.plugins.SemanticdbPlugin,org.jetbrains.sbt.indices.SbtIntellijIndicesPlugin,sbt.plugins.JUnitXmlReportPlugin,org.jetbrains.sbt.IdeaShellPlugin,org.jetbrains.sbt.StructurePlugin,sbt.plugins.MiniDependencyTreePlugin)
[debug] Plugins.deducer#function took 1.7706 ms
[info] loading settings for project root from build.sbt ...
[debug]         Load.resolveProject(root) took 17.784ms
[debug]       Load.loadTransitive: finalizeProject(Project(id root, base: C:\Users\mazym\IdeaProjects\finalprojectv2-mazymw2, plugins: List(<none>))) took 20.749ms
[debug] [Loading] Done in C:\Users\mazym\IdeaProjects\finalprojectv2-mazymw2, returning: (root)
[debug]     Load.loadUnit: loadedProjectsRaw took 73.2401ms
[debug]     Load.loadUnit: cleanEvalClasses took 4.5907ms
[debug]   Load.loadUnit(file:/C:/Users/mazym/IdeaProjects/finalprojectv2-mazymw2/, ...) took 1718.9369ms
[debug] Load.apply: load took 1732.635ms
[debug] Load.apply: resolveProjects took 0.1016ms
[debug] Load.apply: finalTransforms took 19.7147ms
[debug] Load.apply: config.delegates took 0.2885ms
[debug] Load.apply: Def.make(settings)... took 53.4038ms
[debug] Load.apply: structureIndex took 18.4582ms
[debug] Load.apply: mkStreams took 0.0034ms
[info] set current project to scalaFXIntro (in build file:/C:/Users/mazym/IdeaProjects/finalprojectv2-mazymw2/)
[debug] > Exec(sbtPopOnFailure, None, None)
[debug] > Exec(resumeFromFailure, None, None)
[debug] > Exec(notifyUsersAboutShell, None, None)
[debug] > Exec(iflast shell, None, None)
[debug] > Exec(; set ideaPort in Global := 62231 ; idea-shell, None, None)
[debug] > Exec(set ideaPort in Global := 62231, None, None)
[info] Defining Global / ideaPort
[info] The new value will be used by Compile / compile, Test / compile
[debug] Defining 
[debug] 	Global / ideaPort
[debug] 
[debug] The new value will be used by 
[debug] 	Compile / compile
[debug] 	Test / compile
[info] Reapplying settings...
[info] set current project to scalaFXIntro (in build file:/C:/Users/mazym/IdeaProjects/finalprojectv2-mazymw2/)
[debug] > Exec(idea-shell, None, None)
