[debug] > Exec(early(addDefaultCommands), None, None)
[debug] > Exec(addDefaultCommands, None, None)
[debug] > Exec(early(initialize), None, None)
[debug] > Exec(initialize, None, None)
[debug] > Exec(early(addPluginSbtFile="""C:\Users\mazym\AppData\Local\Temp\idea1.sbt"""), None, None)
[debug] > Exec(addPluginSbtFile="""C:\Users\mazym\AppData\Local\Temp\idea1.sbt""", None, None)
[debug] > Exec(boot, None, None)
[debug] > Exec(writeSbtVersion, None, None)
[debug] > Exec(reload, None, None)
[debug] > Exec(sbtStashOnFailure, None, None)
[debug] > Exec(onFailure loadFailed, None, None)
[debug] > Exec(loadp, None, None)
[info] welcome to sbt 1.9.7 (Oracle Corporation Java 1.8.0_401)
[debug] Load.defaultLoad until apply took 111.2093ms
[debug]           Load.loadUnit: plugins took 76.7712ms
[debug]           Load.loadUnit: defsScala took 0.3271ms
[debug] [Loading] Scanning directory C:\Users\mazym\IdeaProjects\finalprojectv2-mazymw2\project
[debug]             Load.loadUnit: mkEval took 92.2854ms
[debug] [Loading] Found non-root projects 
[debug] [Loading] Done in C:\Users\mazym\IdeaProjects\finalprojectv2-mazymw2\project, returning: ()
[debug] deducing auto plugins based on known facts Set(Atom(sbt.plugins.CorePlugin)) and clauses Clauses(Clause(Atom(sbt.plugins.JvmPlugin),Set(Atom(sbt.plugins.IvyPlugin)))
[debug] Clause(Atom(sbt.ScriptedPlugin),Set(Atom(sbt.plugins.JvmPlugin)))
[debug] Clause(Atom(sbt.plugins.SbtPlugin),Set(Atom(sbt.ScriptedPlugin)))
[debug] Clause(Atom(sbt.plugins.SemanticdbPlugin),Set(Atom(sbt.plugins.JvmPlugin)))
[debug] Clause(Atom(sbt.plugins.JUnitXmlReportPlugin),Set(Atom(sbt.plugins.JvmPlugin)))
[debug] Clause(Atom(sbt.plugins.MiniDependencyTreePlugin),Set(Atom(sbt.plugins.JvmPlugin)))
[debug] Clause(Atom(sbt.plugins.CorePlugin),Set(Atom(sbt.plugins.IvyPlugin)))
[debug] Clause(Atom(sbt.plugins.IvyPlugin),Set(Atom(sbt.plugins.JvmPlugin)))
[debug] Clause(Atom(sbt.plugins.JvmPlugin),Set(Atom(sbt.plugins.SemanticdbPlugin)))
[debug] Clause(Atom(sbt.plugins.JvmPlugin),Set(Atom(sbt.plugins.JUnitXmlReportPlugin)))
[debug] Clause(Atom(sbt.plugins.CorePlugin),Set(Atom(sbt.plugins.Giter8TemplatePlugin)))
[debug] Clause(Atom(sbt.plugins.JvmPlugin),Set(Atom(sbt.plugins.MiniDependencyTreePlugin))))
[debug]   :: deduced result: Matched(sbt.plugins.CorePlugin,sbt.plugins.Giter8TemplatePlugin,sbt.plugins.IvyPlugin,sbt.plugins.JvmPlugin,sbt.plugins.MiniDependencyTreePlugin,sbt.plugins.JUnitXmlReportPlugin,sbt.plugins.SemanticdbPlugin)
[debug] Plugins.deducer#function took 20.8769 ms
[info] loading settings for project finalprojectv2-mazymw2-build from idea1.sbt ...
[debug]               Load.resolveProject(finalprojectv2-mazymw2-build) took 56.0091ms
[debug]             Load.loadTransitive: finalizeProject(Project(id finalprojectv2-mazymw2-build, base: C:\Users\mazym\IdeaProjects\finalprojectv2-mazymw2\project, plugins: List(<none>))) took 111.7262ms
[debug] [Loading] Done in C:\Users\mazym\IdeaProjects\finalprojectv2-mazymw2\project, returning: (finalprojectv2-mazymw2-build)
[debug]           Load.loadUnit: loadedProjectsRaw took 486.2258ms
[debug]           Load.loadUnit: cleanEvalClasses took 7.5785ms
[debug]         Load.loadUnit(file:/C:/Users/mazym/IdeaProjects/finalprojectv2-mazymw2/project/, ...) took 575.8059ms
[debug]       Load.apply: load took 678.0994ms
[debug]       Load.apply: resolveProjects took 5.8644ms
[debug]       Load.apply: finalTransforms took 66.0593ms
[debug]       Load.apply: config.delegates took 7.627ms
[debug]       Load.apply: Def.make(settings)... took 355.5672ms
[debug]       Load.apply: structureIndex took 86.383ms
[debug]       Load.apply: mkStreams took 1.8027ms
[info] loading project definition from C:\Users\mazym\IdeaProjects\finalprojectv2-mazymw2\project
[debug] Running task... Cancel: Signal, check cycles: false, forcegc: true
[debug]     Load.loadUnit: plugins took 1969.6571ms
[debug]     Load.loadUnit: defsScala took 0.0045ms
[debug] [Loading] Scanning directory C:\Users\mazym\IdeaProjects\finalprojectv2-mazymw2
[debug]       Load.loadUnit: mkEval took 0.4906ms
[debug] [Loading] Found root project root w/ remaining 
[debug] deducing auto plugins based on known facts Set(Atom(sbt.plugins.CorePlugin)) and clauses Clauses(Clause(Atom(sbt.plugins.JvmPlugin),Set(Atom(sbt.plugins.IvyPlugin)))
[debug] Clause(Atom(sbt.ScriptedPlugin),Set(Atom(sbt.plugins.JvmPlugin)))
[debug] Clause(Atom(sbt.plugins.SbtPlugin),Set(Atom(sbt.ScriptedPlugin)))
[debug] Clause(Atom(sbt.plugins.SemanticdbPlugin),Set(Atom(sbt.plugins.JvmPlugin)))
[debug] Clause(Atom(sbt.plugins.JUnitXmlReportPlugin),Set(Atom(sbt.plugins.JvmPlugin)))
[debug] Clause(Atom(sbt.plugins.MiniDependencyTreePlugin),Set(Atom(sbt.plugins.JvmPlugin)))
[debug] Clause(Atom(org.jetbrains.sbt.StructurePlugin),Set(Atom(sbt.plugins.JvmPlugin)))
[debug] Clause(Atom(org.jetbrains.sbt.IdeaShellPlugin),Set(Atom(sbt.plugins.JvmPlugin)))
[debug] Clause(Atom(org.jetbrains.sbt.indices.SbtIntellijIndicesPlugin),Set(Atom(sbt.plugins.JvmPlugin)))
[debug] Clause(Atom(sbt.plugins.CorePlugin),Set(Atom(sbt.plugins.IvyPlugin)))
[debug] Clause(Atom(sbt.plugins.IvyPlugin),Set(Atom(sbt.plugins.JvmPlugin)))
[debug] Clause(Atom(sbt.plugins.JvmPlugin),Set(Atom(sbt.plugins.SemanticdbPlugin)))
[debug] Clause(Atom(sbt.plugins.JvmPlugin),Set(Atom(sbt.plugins.JUnitXmlReportPlugin)))
[debug] Clause(Atom(sbt.plugins.CorePlugin),Set(Atom(sbt.plugins.Giter8TemplatePlugin)))
[debug] Clause(Atom(sbt.plugins.JvmPlugin),Set(Atom(sbt.plugins.MiniDependencyTreePlugin)))
[debug] Clause(Atom(sbt.plugins.JvmPlugin),Set(Atom(org.jetbrains.sbt.StructurePlugin)))
[debug] Clause(Atom(sbt.plugins.JvmPlugin),Set(Atom(org.jetbrains.sbt.IdeaShellPlugin)))
[debug] Clause(And(Set(Atom(sbt.plugins.CorePlugin), Atom(sbt.plugins.JvmPlugin))),Set(Atom(org.jetbrains.sbt.indices.SbtIntellijIndicesPlugin))))
[debug]   :: deduced result: Matched(sbt.plugins.CorePlugin,sbt.plugins.Giter8TemplatePlugin,sbt.plugins.IvyPlugin,sbt.plugins.JvmPlugin,sbt.plugins.SemanticdbPlugin,org.jetbrains.sbt.indices.SbtIntellijIndicesPlugin,sbt.plugins.JUnitXmlReportPlugin,org.jetbrains.sbt.IdeaShellPlugin,org.jetbrains.sbt.StructurePlugin,sbt.plugins.MiniDependencyTreePlugin)
[debug] Plugins.deducer#function took 2.4298 ms
[info] loading settings for project root from build.sbt ...
[debug]         Load.resolveProject(root) took 28.9106ms
[debug]       Load.loadTransitive: finalizeProject(Project(id root, base: C:\Users\mazym\IdeaProjects\finalprojectv2-mazymw2, plugins: List(<none>))) took 32.8239ms
[debug] [Loading] Done in C:\Users\mazym\IdeaProjects\finalprojectv2-mazymw2, returning: (root)
[debug]     Load.loadUnit: loadedProjectsRaw took 91.1299ms
[debug]     Load.loadUnit: cleanEvalClasses took 6.1411ms
[debug]   Load.loadUnit(file:/C:/Users/mazym/IdeaProjects/finalprojectv2-mazymw2/, ...) took 2068.0673ms
[debug] Load.apply: load took 2087.0648ms
[debug] Load.apply: resolveProjects took 0.1579ms
[debug] Load.apply: finalTransforms took 22.1212ms
[debug] Load.apply: config.delegates took 0.2549ms
[debug] Load.apply: Def.make(settings)... took 62.9129ms
[debug] Load.apply: structureIndex took 18.5356ms
[debug] Load.apply: mkStreams took 0.003ms
[info] set current project to scalaFXIntro (in build file:/C:/Users/mazym/IdeaProjects/finalprojectv2-mazymw2/)
[debug] > Exec(sbtPopOnFailure, None, None)
[debug] > Exec(resumeFromFailure, None, None)
[debug] > Exec(notifyUsersAboutShell, None, None)
[debug] > Exec(iflast shell, None, None)
[debug] > Exec(; set ideaPort in Global := 50012 ; idea-shell, None, None)
[debug] > Exec(set ideaPort in Global := 50012, None, None)
[info] Defining Global / ideaPort
[info] The new value will be used by Compile / compile, Test / compile
[debug] Defining 
[debug] 	Global / ideaPort
[debug] 
[debug] The new value will be used by 
[debug] 	Compile / compile
[debug] 	Test / compile
[info] Reapplying settings...
[info] set current project to scalaFXIntro (in build file:/C:/Users/mazym/IdeaProjects/finalprojectv2-mazymw2/)
[debug] > Exec(idea-shell, None, None)
